<?xml version="1.0" encoding="UTF-8"?>
<!-- Generated by org.testng.reporters.JUnitReportReporter -->
<testsuite hostname="DESKTOP-V5UJJLP" failures="0" tests="2" name="Test_Scenarios.Test_GoogleSearch" time="9.330" errors="0" timestamp="2022-07-31T12:50:59 BDT" skipped="0">
  <testcase classname="Test_Scenarios.Test_GoogleSearch" name="test_searchoperation" time="4.644"/>
  <system-out/>
  <testcase classname="Test_Scenarios.Test_GoogleSearch" name="test_clickfacebooklink" time="4.686"/>
  <system-out/>
</testsuite> <!-- Test_Scenarios.Test_GoogleSearch -->
