<?xml version="1.0" encoding="UTF-8"?>
<!-- Generated by org.testng.reporters.JUnitReportReporter -->
<testsuite hostname="DESKTOP-V5UJJLP" failures="0" tests="3" name="Test_Scenarios.Test001" time="36.221" errors="0" timestamp="2022-07-31T15:44:48 BDT" skipped="0">
  <testcase classname="Test_Scenarios.Test001" name="test_searchoperation" time="6.470"/>
  <system-out/>
  <testcase classname="Test_Scenarios.Test001" name="test_clickfacebooklink" time="4.167"/>
  <system-out/>
  <testcase classname="Test_Scenarios.Test001" name="test_loginfacebook" time="25.584"/>
  <system-out/>
</testsuite> <!-- Test_Scenarios.Test001 -->
