<?xml version="1.0" encoding="UTF-8"?>
<!-- Generated by org.testng.reporters.JUnitReportReporter -->
<testsuite hostname="DESKTOP-V5UJJLP" failures="0" tests="2" name="Test_Scenarios.Test001_GoogleSearch" time="12.569" errors="0" timestamp="2022-07-31T12:54:10 BDT" skipped="0">
  <testcase classname="Test_Scenarios.Test001_GoogleSearch" name="test_searchoperation" time="8.344"/>
  <system-out/>
  <testcase classname="Test_Scenarios.Test001_GoogleSearch" name="test_clickfacebooklink" time="4.225"/>
  <system-out/>
</testsuite> <!-- Test_Scenarios.Test001_GoogleSearch -->
